TN:
SF:js/food.js
FN:2,(anonymous_0)
FN:10,(anonymous_1)
FNF:2
FNH:1
FNDA:101,(anonymous_0)
FNDA:0,(anonymous_1)
DA:3,101
DA:4,101
DA:5,101
DA:6,101
DA:7,101
DA:11,0
DA:12,0
DA:17,3
DA:18,3
LF:9
LH:7
BRDA:2,0,0,0
BRDA:3,1,0,101
BRDA:3,1,1,0
BRDA:4,2,0,101
BRDA:4,2,1,0
BRDA:5,3,0,101
BRDA:5,3,1,100
BRDA:6,4,0,101
BRDA:6,4,1,101
BRDA:7,5,0,101
BRDA:7,5,1,101
BRDA:17,6,0,3
BRDA:17,6,1,0
BRDA:17,7,0,3
BRDA:17,7,1,3
BRF:15
BRH:11
end_of_record
TN:
SF:js/snake.js
FN:2,(anonymous_0)
FN:26,(anonymous_1)
FN:42,(anonymous_2)
FN:47,(anonymous_3)
FN:95,(anonymous_4)
FN:116,(anonymous_5)
FN:137,(anonymous_6)
FN:145,(anonymous_7)
FN:156,(anonymous_8)
FNF:9
FNH:9
FNDA:20,(anonymous_0)
FNDA:20,(anonymous_1)
FNDA:1,(anonymous_2)
FNDA:31,(anonymous_3)
FNDA:1,(anonymous_4)
FNDA:4,(anonymous_5)
FNDA:2,(anonymous_6)
FNDA:4,(anonymous_7)
FNDA:36,(anonymous_8)
DA:3,20
DA:4,20
DA:5,20
DA:6,20
DA:7,20
DA:8,20
DA:9,20
DA:10,20
DA:11,20
DA:12,20
DA:13,20
DA:14,20
DA:15,20
DA:16,20
DA:17,20
DA:18,20
DA:19,20
DA:20,20
DA:23,20
DA:27,20
DA:28,20
DA:29,20
DA:31,20
DA:33,163
DA:38,163
DA:44,1
DA:49,31
DA:52,31
DA:55,31
DA:56,31
DA:59,31
DA:60,20
DA:64,31
DA:65,31
DA:68,31
DA:69,31
DA:72,31
DA:73,31
DA:75,31
DA:76,155
DA:79,155
DA:80,155
DA:81,155
DA:84,155
DA:85,100
DA:86,100
DA:87,100
DA:90,155
DA:91,155
DA:96,1
DA:97,3
DA:99,3
DA:102,3
DA:108,3
DA:113,1
DA:118,4
DA:119,1
DA:123,3
DA:124,10
DA:125,10
DA:126,10
DA:127,10
DA:129,10
DA:130,2
DA:134,1
DA:138,2
DA:139,2
DA:140,2
DA:142,2
DA:147,4
DA:148,3
DA:149,3
DA:150,3
DA:151,3
DA:153,1
DA:157,36
DA:160,36
DA:162,3
DA:163,2
DA:164,2
DA:165,2
DA:169,33
DA:172,2
DA:174,2
DA:176,2
DA:177,2
DA:180,2
DA:186,2
DA:187,1
DA:189,1
DA:198,4
DA:199,4
LF:92
LH:92
BRDA:2,0,0,0
BRDA:3,1,0,20
BRDA:3,1,1,0
BRDA:4,2,0,20
BRDA:4,2,1,0
BRDA:5,3,0,20
BRDA:5,3,1,18
BRDA:6,4,0,20
BRDA:6,4,1,16
BRDA:8,5,0,20
BRDA:8,5,1,16
BRDA:15,6,0,20
BRDA:15,6,1,20
BRDA:17,7,0,20
BRDA:17,7,1,20
BRDA:18,8,0,20
BRDA:18,8,1,20
BRDA:19,9,0,20
BRDA:19,9,1,6
BRDA:20,10,0,20
BRDA:20,10,1,18
BRDA:55,11,0,0
BRDA:55,11,1,31
BRDA:56,12,0,0
BRDA:56,12,1,31
BRDA:59,13,0,20
BRDA:59,13,1,11
BRDA:64,14,0,0
BRDA:64,14,1,31
BRDA:65,15,0,0
BRDA:65,15,1,31
BRDA:84,16,0,100
BRDA:84,16,1,55
BRDA:95,17,0,0
BRDA:99,18,0,3
BRDA:99,18,1,0
BRDA:118,19,0,1
BRDA:118,19,1,3
BRDA:129,20,0,2
BRDA:129,20,1,8
BRDA:147,21,0,3
BRDA:147,21,1,1
BRDA:147,22,0,4
BRDA:147,22,1,3
BRDA:160,23,0,3
BRDA:160,23,1,33
BRDA:162,24,0,2
BRDA:162,24,1,1
BRDA:169,25,0,2
BRDA:169,25,1,31
BRDA:174,26,0,2
BRDA:174,26,1,0
BRDA:186,27,0,1
BRDA:186,27,1,1
BRDA:198,28,0,4
BRDA:198,28,1,0
BRDA:198,29,0,4
BRDA:198,29,1,4
BRF:58
BRH:47
end_of_record
